2024-02-19 19:38:46,524 [Worker-7: Loading available Gradle versions] INFO  o.e.b.c.i.u.g.PublishedGradleVersions - Gradle version information cache is up-to-date. Trying to read.
2024-02-19 19:39:51,111 [Worker-12: Launching mavenrun-47e91122-7be1-4ce6-98be-ad71a13cf8b5] INFO  o.eclipse.m2e.core.internal.Bundles - getClasspathEntries(Bundle=org.eclipse.m2e.maven.runtime_3.9.500.20231113-2345 [626])
2024-02-19 19:39:51,113 [Worker-12: Launching mavenrun-47e91122-7be1-4ce6-98be-ad71a13cf8b5] INFO  o.eclipse.m2e.core.internal.Bundles - 	Entry: C:\Users\DCP\.p2\pool\plugins\org.eclipse.m2e.maven.runtime_3.9.500.20231113-2345
2024-02-19 19:39:51,114 [Worker-12: Launching mavenrun-47e91122-7be1-4ce6-98be-ad71a13cf8b5] INFO  o.eclipse.m2e.core.internal.Bundles - 	Entry: C:\Users\DCP\.p2\pool\plugins\org.eclipse.m2e.maven.runtime_3.9.500.20231113-2345\jars\aopalliance-1.0.jar
2024-02-19 19:39:51,114 [Worker-12: Launching mavenrun-47e91122-7be1-4ce6-98be-ad71a13cf8b5] INFO  o.eclipse.m2e.core.internal.Bundles - 	Entry: C:\Users\DCP\.p2\pool\plugins\org.eclipse.m2e.maven.runtime_3.9.500.20231113-2345\jars\guice-5.1.0.jar
2024-02-19 19:39:51,115 [Worker-12: Launching mavenrun-47e91122-7be1-4ce6-98be-ad71a13cf8b5] INFO  o.eclipse.m2e.core.internal.Bundles - 	Entry: C:\Users\DCP\.p2\pool\plugins\org.eclipse.m2e.maven.runtime_3.9.500.20231113-2345\jars\httpclient-4.5.14.jar
2024-02-19 19:39:51,115 [Worker-12: Launching mavenrun-47e91122-7be1-4ce6-98be-ad71a13cf8b5] INFO  o.eclipse.m2e.core.internal.Bundles - 	Entry: C:\Users\DCP\.p2\pool\plugins\org.eclipse.m2e.maven.runtime_3.9.500.20231113-2345\jars\httpcore-4.4.16.jar
2024-02-19 19:39:51,115 [Worker-12: Launching mavenrun-47e91122-7be1-4ce6-98be-ad71a13cf8b5] INFO  o.eclipse.m2e.core.internal.Bundles - 	Entry: C:\Users\DCP\.p2\pool\plugins\org.eclipse.m2e.maven.runtime_3.9.500.20231113-2345\jars\jansi-2.4.0.jar
2024-02-19 19:39:51,116 [Worker-12: Launching mavenrun-47e91122-7be1-4ce6-98be-ad71a13cf8b5] INFO  o.eclipse.m2e.core.internal.Bundles - 	Entry: C:\Users\DCP\.p2\pool\plugins\org.eclipse.m2e.maven.runtime_3.9.500.20231113-2345\jars\jcl-over-slf4j-1.7.36.jar
2024-02-19 19:39:51,116 [Worker-12: Launching mavenrun-47e91122-7be1-4ce6-98be-ad71a13cf8b5] INFO  o.eclipse.m2e.core.internal.Bundles - 	Entry: C:\Users\DCP\.p2\pool\plugins\org.eclipse.m2e.maven.runtime_3.9.500.20231113-2345\jars\maven-artifact-3.9.5.jar
2024-02-19 19:39:51,116 [Worker-12: Launching mavenrun-47e91122-7be1-4ce6-98be-ad71a13cf8b5] INFO  o.eclipse.m2e.core.internal.Bundles - 	Entry: C:\Users\DCP\.p2\pool\plugins\org.eclipse.m2e.maven.runtime_3.9.500.20231113-2345\jars\maven-builder-support-3.9.5.jar
2024-02-19 19:39:51,116 [Worker-12: Launching mavenrun-47e91122-7be1-4ce6-98be-ad71a13cf8b5] INFO  o.eclipse.m2e.core.internal.Bundles - 	Entry: C:\Users\DCP\.p2\pool\plugins\org.eclipse.m2e.maven.runtime_3.9.500.20231113-2345\jars\maven-compat-3.9.5.jar
2024-02-19 19:39:51,116 [Worker-12: Launching mavenrun-47e91122-7be1-4ce6-98be-ad71a13cf8b5] INFO  o.eclipse.m2e.core.internal.Bundles - 	Entry: C:\Users\DCP\.p2\pool\plugins\org.eclipse.m2e.maven.runtime_3.9.500.20231113-2345\jars\maven-core-3.9.5.jar
2024-02-19 19:39:51,116 [Worker-12: Launching mavenrun-47e91122-7be1-4ce6-98be-ad71a13cf8b5] INFO  o.eclipse.m2e.core.internal.Bundles - 	Entry: C:\Users\DCP\.p2\pool\plugins\org.eclipse.m2e.maven.runtime_3.9.500.20231113-2345\jars\maven-embedder-3.9.5.jar
2024-02-19 19:39:51,117 [Worker-12: Launching mavenrun-47e91122-7be1-4ce6-98be-ad71a13cf8b5] INFO  o.eclipse.m2e.core.internal.Bundles - 	Entry: C:\Users\DCP\.p2\pool\plugins\org.eclipse.m2e.maven.runtime_3.9.500.20231113-2345\jars\maven-model-3.9.5.jar
2024-02-19 19:39:51,117 [Worker-12: Launching mavenrun-47e91122-7be1-4ce6-98be-ad71a13cf8b5] INFO  o.eclipse.m2e.core.internal.Bundles - 	Entry: C:\Users\DCP\.p2\pool\plugins\org.eclipse.m2e.maven.runtime_3.9.500.20231113-2345\jars\maven-model-builder-3.9.5.jar
2024-02-19 19:39:51,117 [Worker-12: Launching mavenrun-47e91122-7be1-4ce6-98be-ad71a13cf8b5] INFO  o.eclipse.m2e.core.internal.Bundles - 	Entry: C:\Users\DCP\.p2\pool\plugins\org.eclipse.m2e.maven.runtime_3.9.500.20231113-2345\jars\maven-plugin-api-3.9.5.jar
2024-02-19 19:39:51,117 [Worker-12: Launching mavenrun-47e91122-7be1-4ce6-98be-ad71a13cf8b5] INFO  o.eclipse.m2e.core.internal.Bundles - 	Entry: C:\Users\DCP\.p2\pool\plugins\org.eclipse.m2e.maven.runtime_3.9.500.20231113-2345\jars\maven-repository-metadata-3.9.5.jar
2024-02-19 19:39:51,117 [Worker-12: Launching mavenrun-47e91122-7be1-4ce6-98be-ad71a13cf8b5] INFO  o.eclipse.m2e.core.internal.Bundles - 	Entry: C:\Users\DCP\.p2\pool\plugins\org.eclipse.m2e.maven.runtime_3.9.500.20231113-2345\jars\maven-resolver-api-1.9.16.jar
2024-02-19 19:39:51,118 [Worker-12: Launching mavenrun-47e91122-7be1-4ce6-98be-ad71a13cf8b5] INFO  o.eclipse.m2e.core.internal.Bundles - 	Entry: C:\Users\DCP\.p2\pool\plugins\org.eclipse.m2e.maven.runtime_3.9.500.20231113-2345\jars\maven-resolver-connector-basic-1.9.16.jar
2024-02-19 19:39:51,118 [Worker-12: Launching mavenrun-47e91122-7be1-4ce6-98be-ad71a13cf8b5] INFO  o.eclipse.m2e.core.internal.Bundles - 	Entry: C:\Users\DCP\.p2\pool\plugins\org.eclipse.m2e.maven.runtime_3.9.500.20231113-2345\jars\maven-resolver-impl-1.9.16.jar
2024-02-19 19:39:51,118 [Worker-12: Launching mavenrun-47e91122-7be1-4ce6-98be-ad71a13cf8b5] INFO  o.eclipse.m2e.core.internal.Bundles - 	Entry: C:\Users\DCP\.p2\pool\plugins\org.eclipse.m2e.maven.runtime_3.9.500.20231113-2345\jars\maven-resolver-named-locks-1.9.16.jar
2024-02-19 19:39:51,118 [Worker-12: Launching mavenrun-47e91122-7be1-4ce6-98be-ad71a13cf8b5] INFO  o.eclipse.m2e.core.internal.Bundles - 	Entry: C:\Users\DCP\.p2\pool\plugins\org.eclipse.m2e.maven.runtime_3.9.500.20231113-2345\jars\maven-resolver-provider-3.9.5.jar
2024-02-19 19:39:51,118 [Worker-12: Launching mavenrun-47e91122-7be1-4ce6-98be-ad71a13cf8b5] INFO  o.eclipse.m2e.core.internal.Bundles - 	Entry: C:\Users\DCP\.p2\pool\plugins\org.eclipse.m2e.maven.runtime_3.9.500.20231113-2345\jars\maven-resolver-spi-1.9.16.jar
2024-02-19 19:39:51,118 [Worker-12: Launching mavenrun-47e91122-7be1-4ce6-98be-ad71a13cf8b5] INFO  o.eclipse.m2e.core.internal.Bundles - 	Entry: C:\Users\DCP\.p2\pool\plugins\org.eclipse.m2e.maven.runtime_3.9.500.20231113-2345\jars\maven-resolver-transport-file-1.9.16.jar
2024-02-19 19:39:51,118 [Worker-12: Launching mavenrun-47e91122-7be1-4ce6-98be-ad71a13cf8b5] INFO  o.eclipse.m2e.core.internal.Bundles - 	Entry: C:\Users\DCP\.p2\pool\plugins\org.eclipse.m2e.maven.runtime_3.9.500.20231113-2345\jars\maven-resolver-transport-http-1.9.16.jar
2024-02-19 19:39:51,119 [Worker-12: Launching mavenrun-47e91122-7be1-4ce6-98be-ad71a13cf8b5] INFO  o.eclipse.m2e.core.internal.Bundles - 	Entry: C:\Users\DCP\.p2\pool\plugins\org.eclipse.m2e.maven.runtime_3.9.500.20231113-2345\jars\maven-resolver-transport-wagon-1.9.16.jar
2024-02-19 19:39:51,119 [Worker-12: Launching mavenrun-47e91122-7be1-4ce6-98be-ad71a13cf8b5] INFO  o.eclipse.m2e.core.internal.Bundles - 	Entry: C:\Users\DCP\.p2\pool\plugins\org.eclipse.m2e.maven.runtime_3.9.500.20231113-2345\jars\maven-resolver-util-1.9.16.jar
2024-02-19 19:39:51,119 [Worker-12: Launching mavenrun-47e91122-7be1-4ce6-98be-ad71a13cf8b5] INFO  o.eclipse.m2e.core.internal.Bundles - 	Entry: C:\Users\DCP\.p2\pool\plugins\org.eclipse.m2e.maven.runtime_3.9.500.20231113-2345\jars\maven-settings-3.9.5.jar
2024-02-19 19:39:51,119 [Worker-12: Launching mavenrun-47e91122-7be1-4ce6-98be-ad71a13cf8b5] INFO  o.eclipse.m2e.core.internal.Bundles - 	Entry: C:\Users\DCP\.p2\pool\plugins\org.eclipse.m2e.maven.runtime_3.9.500.20231113-2345\jars\maven-settings-builder-3.9.5.jar
2024-02-19 19:39:51,119 [Worker-12: Launching mavenrun-47e91122-7be1-4ce6-98be-ad71a13cf8b5] INFO  o.eclipse.m2e.core.internal.Bundles - 	Entry: C:\Users\DCP\.p2\pool\plugins\org.eclipse.m2e.maven.runtime_3.9.500.20231113-2345\jars\maven-shared-utils-3.3.4.jar
2024-02-19 19:39:51,119 [Worker-12: Launching mavenrun-47e91122-7be1-4ce6-98be-ad71a13cf8b5] INFO  o.eclipse.m2e.core.internal.Bundles - 	Entry: C:\Users\DCP\.p2\pool\plugins\org.eclipse.m2e.maven.runtime_3.9.500.20231113-2345\jars\org.eclipse.sisu.inject-0.3.5.jar
2024-02-19 19:39:51,119 [Worker-12: Launching mavenrun-47e91122-7be1-4ce6-98be-ad71a13cf8b5] INFO  o.eclipse.m2e.core.internal.Bundles - 	Entry: C:\Users\DCP\.p2\pool\plugins\org.eclipse.m2e.maven.runtime_3.9.500.20231113-2345\jars\org.eclipse.sisu.plexus-0.3.5.jar
2024-02-19 19:39:51,120 [Worker-12: Launching mavenrun-47e91122-7be1-4ce6-98be-ad71a13cf8b5] INFO  o.eclipse.m2e.core.internal.Bundles - 	Entry: C:\Users\DCP\.p2\pool\plugins\org.eclipse.m2e.maven.runtime_3.9.500.20231113-2345\jars\plexus-build-api-0.0.7.jar
2024-02-19 19:39:51,120 [Worker-12: Launching mavenrun-47e91122-7be1-4ce6-98be-ad71a13cf8b5] INFO  o.eclipse.m2e.core.internal.Bundles - 	Entry: C:\Users\DCP\.p2\pool\plugins\org.eclipse.m2e.maven.runtime_3.9.500.20231113-2345\jars\plexus-cipher-2.0.jar
2024-02-19 19:39:51,120 [Worker-12: Launching mavenrun-47e91122-7be1-4ce6-98be-ad71a13cf8b5] INFO  o.eclipse.m2e.core.internal.Bundles - 	Entry: C:\Users\DCP\.p2\pool\plugins\org.eclipse.m2e.maven.runtime_3.9.500.20231113-2345\jars\plexus-classworlds-2.7.0.jar
2024-02-19 19:39:51,120 [Worker-12: Launching mavenrun-47e91122-7be1-4ce6-98be-ad71a13cf8b5] INFO  o.eclipse.m2e.core.internal.Bundles - 	Entry: C:\Users\DCP\.p2\pool\plugins\org.eclipse.m2e.maven.runtime_3.9.500.20231113-2345\jars\plexus-component-annotations-2.1.0.jar
2024-02-19 19:39:51,120 [Worker-12: Launching mavenrun-47e91122-7be1-4ce6-98be-ad71a13cf8b5] INFO  o.eclipse.m2e.core.internal.Bundles - 	Entry: C:\Users\DCP\.p2\pool\plugins\org.eclipse.m2e.maven.runtime_3.9.500.20231113-2345\jars\plexus-interpolation-1.26.jar
2024-02-19 19:39:51,120 [Worker-12: Launching mavenrun-47e91122-7be1-4ce6-98be-ad71a13cf8b5] INFO  o.eclipse.m2e.core.internal.Bundles - 	Entry: C:\Users\DCP\.p2\pool\plugins\org.eclipse.m2e.maven.runtime_3.9.500.20231113-2345\jars\plexus-sec-dispatcher-2.0.jar
2024-02-19 19:39:51,121 [Worker-12: Launching mavenrun-47e91122-7be1-4ce6-98be-ad71a13cf8b5] INFO  o.eclipse.m2e.core.internal.Bundles - 	Entry: C:\Users\DCP\.p2\pool\plugins\org.eclipse.m2e.maven.runtime_3.9.500.20231113-2345\jars\plexus-utils-3.5.1.jar
2024-02-19 19:39:51,121 [Worker-12: Launching mavenrun-47e91122-7be1-4ce6-98be-ad71a13cf8b5] INFO  o.eclipse.m2e.core.internal.Bundles - 	Entry: C:\Users\DCP\.p2\pool\plugins\org.eclipse.m2e.maven.runtime_3.9.500.20231113-2345\jars\wagon-file-3.5.3.jar
2024-02-19 19:39:51,121 [Worker-12: Launching mavenrun-47e91122-7be1-4ce6-98be-ad71a13cf8b5] INFO  o.eclipse.m2e.core.internal.Bundles - 	Entry: C:\Users\DCP\.p2\pool\plugins\org.eclipse.m2e.maven.runtime_3.9.500.20231113-2345\jars\wagon-http-3.5.3.jar
2024-02-19 19:39:51,121 [Worker-12: Launching mavenrun-47e91122-7be1-4ce6-98be-ad71a13cf8b5] INFO  o.eclipse.m2e.core.internal.Bundles - 	Entry: C:\Users\DCP\.p2\pool\plugins\org.eclipse.m2e.maven.runtime_3.9.500.20231113-2345\jars\wagon-http-shared-3.5.3.jar
2024-02-19 19:39:51,121 [Worker-12: Launching mavenrun-47e91122-7be1-4ce6-98be-ad71a13cf8b5] INFO  o.eclipse.m2e.core.internal.Bundles - 	Entry: C:\Users\DCP\.p2\pool\plugins\org.eclipse.m2e.maven.runtime_3.9.500.20231113-2345\jars\wagon-provider-api-3.5.3.jar
2024-02-19 19:39:51,123 [Worker-12: Launching mavenrun-47e91122-7be1-4ce6-98be-ad71a13cf8b5] INFO  o.eclipse.m2e.core.internal.Bundles - getClasspathEntries(Bundle=com.google.guava_32.1.3.jre [12])
2024-02-19 19:39:51,124 [Worker-12: Launching mavenrun-47e91122-7be1-4ce6-98be-ad71a13cf8b5] INFO  o.eclipse.m2e.core.internal.Bundles - 	Entry: C:\Users\DCP\.p2\pool\plugins\com.google.guava_32.1.3.jre.jar
2024-02-19 19:39:51,124 [Worker-12: Launching mavenrun-47e91122-7be1-4ce6-98be-ad71a13cf8b5] INFO  o.eclipse.m2e.core.internal.Bundles - getClasspathEntries(Bundle=slf4j.api_2.0.9 [986])
2024-02-19 19:39:51,124 [Worker-12: Launching mavenrun-47e91122-7be1-4ce6-98be-ad71a13cf8b5] INFO  o.eclipse.m2e.core.internal.Bundles - 	Entry: C:\Users\DCP\.p2\pool\plugins\slf4j.api_2.0.9.jar
2024-02-19 19:39:51,124 [Worker-12: Launching mavenrun-47e91122-7be1-4ce6-98be-ad71a13cf8b5] INFO  o.eclipse.m2e.core.internal.Bundles - getClasspathEntries(Bundle=javax.inject_1.0.0.v20091030 [1007])
2024-02-19 19:39:51,125 [Worker-12: Launching mavenrun-47e91122-7be1-4ce6-98be-ad71a13cf8b5] INFO  o.eclipse.m2e.core.internal.Bundles - 	Entry: C:\Users\DCP\.p2\pool\plugins\javax.inject_1.0.0.v20091030.jar
2024-02-19 19:39:51,125 [Worker-12: Launching mavenrun-47e91122-7be1-4ce6-98be-ad71a13cf8b5] INFO  o.eclipse.m2e.core.internal.Bundles - getClasspathEntries(Bundle=javax.annotation_1.3.5.v20200909-1856 [1006])
2024-02-19 19:39:51,125 [Worker-12: Launching mavenrun-47e91122-7be1-4ce6-98be-ad71a13cf8b5] INFO  o.eclipse.m2e.core.internal.Bundles - 	Entry: C:\Users\DCP\.p2\pool\plugins\javax.annotation_1.3.5.v20200909-1856.jar
2024-02-19 19:39:51,125 [Worker-12: Launching mavenrun-47e91122-7be1-4ce6-98be-ad71a13cf8b5] INFO  o.eclipse.m2e.core.internal.Bundles - getClasspathEntries(Bundle=org.apache.commons.cli_1.6.0 [71])
2024-02-19 19:39:51,126 [Worker-12: Launching mavenrun-47e91122-7be1-4ce6-98be-ad71a13cf8b5] INFO  o.eclipse.m2e.core.internal.Bundles - 	Entry: C:\Users\DCP\.p2\pool\plugins\org.apache.commons.cli_1.6.0.jar
2024-02-19 19:39:51,126 [Worker-12: Launching mavenrun-47e91122-7be1-4ce6-98be-ad71a13cf8b5] INFO  o.eclipse.m2e.core.internal.Bundles - getClasspathEntries(Bundle=org.apache.commons.commons-codec_1.16.0 [75])
2024-02-19 19:39:51,126 [Worker-12: Launching mavenrun-47e91122-7be1-4ce6-98be-ad71a13cf8b5] INFO  o.eclipse.m2e.core.internal.Bundles - 	Entry: C:\Users\DCP\.p2\pool\plugins\org.apache.commons.commons-codec_1.16.0.jar
2024-02-19 19:39:51,126 [Worker-12: Launching mavenrun-47e91122-7be1-4ce6-98be-ad71a13cf8b5] INFO  o.eclipse.m2e.core.internal.Bundles - getClasspathEntries(Bundle=org.apache.commons.lang3_3.13.0 [82])
2024-02-19 19:39:51,126 [Worker-12: Launching mavenrun-47e91122-7be1-4ce6-98be-ad71a13cf8b5] INFO  o.eclipse.m2e.core.internal.Bundles - 	Entry: C:\Users\DCP\.p2\pool\plugins\org.apache.commons.lang3_3.13.0.jar
2024-02-19 19:39:51,126 [Worker-12: Launching mavenrun-47e91122-7be1-4ce6-98be-ad71a13cf8b5] INFO  o.eclipse.m2e.core.internal.Bundles - getClasspathEntries(Bundle=com.google.guava.failureaccess_1.0.2 [13])
2024-02-19 19:39:51,127 [Worker-12: Launching mavenrun-47e91122-7be1-4ce6-98be-ad71a13cf8b5] INFO  o.eclipse.m2e.core.internal.Bundles - 	Entry: C:\Users\DCP\.p2\pool\plugins\com.google.guava.failureaccess_1.0.2.jar
2024-02-19 19:39:51,131 [Worker-12: Launching mavenrun-47e91122-7be1-4ce6-98be-ad71a13cf8b5] INFO  o.e.m.i.launch.MavenLaunchDelegate - Run build in "C:\Users\DCP\AppData\Local\Temp\m2e-archetypeGenerator15972349076385360336":
2024-02-19 19:39:51,138 [Worker-12: Launching mavenrun-47e91122-7be1-4ce6-98be-ad71a13cf8b5] INFO  o.e.m.i.launch.MavenLaunchDelegate -  mvn  -DarchetypeGroupId=org.apache.maven.archetypes -DarchetypeArtifactId=maven-archetype-quickstart -DarchetypeVersion=1.1 -DgroupId=mongodb -DartifactId=mongodb -Dversion=0.0.1-SNAPSHOT -Dpackage=mongodb.mongodb -DoutputDirectory=C:\Users\DCP\Documents\GitHub\Eclipse_EE_MongoDB -Dstyle.color=always -U archetype:generate
2024-02-19 19:39:58,662 [Worker-26: Creating maven-archetype-quickstart] INFO  o.e.m.c.i.p.ProjectConfigurationManager - Collecting project info '/pom.xml' C:\Users\DCP\Documents\GitHub\Eclipse_EE_MongoDB\mongodb\pom.xml
2024-02-19 19:40:02,038 [Worker-26: Creating maven-archetype-quickstart] INFO  o.e.m.c.i.l.LifecycleMappingFactory - Using org.eclipse.m2e.jdt.JarLifecycleMapping lifecycle mapping for MavenProject: mongodb:mongodb:0.0.1-SNAPSHOT @ C:\Users\DCP\Documents\GitHub\Eclipse_EE_MongoDB\mongodb\pom.xml.
2024-02-19 19:40:03,074 [Worker-26: Creating maven-archetype-quickstart] INFO  o.e.m.j.i.AbstractJavaProjectConfigurator - Adding source folder /mongodb/src/main/java
2024-02-19 19:40:03,074 [Worker-26: Creating maven-archetype-quickstart] INFO  o.e.m.j.i.AbstractJavaProjectConfigurator - Adding resource folder /mongodb/src/main/resources
2024-02-19 19:40:03,081 [Worker-26: Creating maven-archetype-quickstart] INFO  o.e.m.j.i.AbstractJavaProjectConfigurator - Adding source folder /mongodb/src/test/java
2024-02-19 19:40:03,082 [Worker-26: Creating maven-archetype-quickstart] INFO  o.e.m.j.i.AbstractJavaProjectConfigurator - Adding resource folder /mongodb/src/test/resources
2024-02-19 19:40:03,505 [Worker-26: Creating maven-archetype-quickstart] INFO  o.e.m.c.i.p.ProjectConfigurationManager - Imported and configured 1 project(s) in 4 sec
2024-02-19 19:40:04,985 [Worker-15: Building] INFO  o.a.m.s.f.DefaultMavenResourcesFiltering - skip non existing resourceDirectory C:\Users\DCP\Documents\GitHub\Eclipse_EE_MongoDB\mongodb\src\main\resources
2024-02-19 19:40:04,990 [Worker-15: Building] INFO  o.a.m.s.f.DefaultMavenResourcesFiltering - skip non existing resourceDirectory C:\Users\DCP\Documents\GitHub\Eclipse_EE_MongoDB\mongodb\src\test\resources
2024-02-19 19:41:07,028 [Worker-13: Updating Maven Project] INFO  o.e.m.c.i.p.ProjectConfigurationManager - Update started
2024-02-19 19:41:07,217 [Worker-13: Updating Maven Project] INFO  o.e.m.c.i.l.LifecycleMappingFactory - Using org.eclipse.m2e.jdt.JarLifecycleMapping lifecycle mapping for MavenProject: mongodb:mongodb:0.0.1-SNAPSHOT @ C:\Users\DCP\Documents\GitHub\Eclipse_EE_MongoDB\mongodb\pom.xml.
2024-02-19 19:41:07,364 [Worker-13: Updating Maven Project] INFO  o.e.m.j.i.AbstractJavaProjectConfigurator - Adding source folder /mongodb/src/main/java
2024-02-19 19:41:07,364 [Worker-13: Updating Maven Project] INFO  o.e.m.j.i.AbstractJavaProjectConfigurator - Adding resource folder /mongodb/src/main/resources
2024-02-19 19:41:07,365 [Worker-13: Updating Maven Project] INFO  o.e.m.j.i.AbstractJavaProjectConfigurator - Adding source folder /mongodb/src/test/java
2024-02-19 19:41:07,365 [Worker-13: Updating Maven Project] INFO  o.e.m.j.i.AbstractJavaProjectConfigurator - Adding resource folder /mongodb/src/test/resources
2024-02-19 19:41:07,491 [Worker-13: Updating Maven Project] INFO  o.e.m.c.i.p.ProjectConfigurationManager - Update completed for 1 poms: local refresh takes 0,00 sec, refresh facades takes 0,00 sec, update config takes 0,00 sec 
2024-02-19 19:41:07,665 [Worker-1: Building] INFO  o.a.m.s.f.DefaultMavenResourcesFiltering - skip non existing resourceDirectory C:\Users\DCP\Documents\GitHub\Eclipse_EE_MongoDB\mongodb\src\main\resources
2024-02-19 19:41:07,669 [Worker-1: Building] INFO  o.a.m.s.f.DefaultMavenResourcesFiltering - skip non existing resourceDirectory C:\Users\DCP\Documents\GitHub\Eclipse_EE_MongoDB\mongodb\src\test\resources
2024-02-19 20:00:46,795 [Worker-36: Updating Maven Project] INFO  o.e.m.c.i.p.ProjectConfigurationManager - Update started
2024-02-19 20:00:46,953 [Worker-36: Updating Maven Project] INFO  o.e.m.c.i.l.LifecycleMappingFactory - Using org.eclipse.m2e.jdt.JarLifecycleMapping lifecycle mapping for MavenProject: mongodb:mongodb:0.0.1-SNAPSHOT @ C:\Users\DCP\Documents\GitHub\Eclipse_EE_MongoDB\mongodb\pom.xml.
2024-02-19 20:00:47,048 [Worker-36: Updating Maven Project] INFO  o.e.m.j.i.AbstractJavaProjectConfigurator - Adding source folder /mongodb/src/main/java
2024-02-19 20:00:47,049 [Worker-36: Updating Maven Project] INFO  o.e.m.j.i.AbstractJavaProjectConfigurator - Adding resource folder /mongodb/src/main/resources
2024-02-19 20:00:47,049 [Worker-36: Updating Maven Project] INFO  o.e.m.j.i.AbstractJavaProjectConfigurator - Adding source folder /mongodb/src/test/java
2024-02-19 20:00:47,049 [Worker-36: Updating Maven Project] INFO  o.e.m.j.i.AbstractJavaProjectConfigurator - Adding resource folder /mongodb/src/test/resources
2024-02-19 20:00:47,146 [Worker-36: Updating Maven Project] INFO  o.e.m.c.i.p.ProjectConfigurationManager - Update completed for 1 poms: local refresh takes 0,00 sec, refresh facades takes 0,00 sec, update config takes 0,00 sec 
2024-02-19 20:00:47,303 [Worker-38: Building] INFO  o.a.m.s.f.DefaultMavenResourcesFiltering - skip non existing resourceDirectory C:\Users\DCP\Documents\GitHub\Eclipse_EE_MongoDB\mongodb\src\main\resources
2024-02-19 20:00:47,306 [Worker-38: Building] INFO  o.a.m.s.f.DefaultMavenResourcesFiltering - skip non existing resourceDirectory C:\Users\DCP\Documents\GitHub\Eclipse_EE_MongoDB\mongodb\src\test\resources
2024-02-19 20:00:58,920 [Worker-36: Updating Maven Project] INFO  o.e.m.c.i.p.ProjectConfigurationManager - Update started
2024-02-19 20:00:59,035 [Worker-36: Updating Maven Project] INFO  o.e.m.c.i.l.LifecycleMappingFactory - Using org.eclipse.m2e.jdt.JarLifecycleMapping lifecycle mapping for MavenProject: mongodb:mongodb:0.0.1-SNAPSHOT @ C:\Users\DCP\Documents\GitHub\Eclipse_EE_MongoDB\mongodb\pom.xml.
2024-02-19 20:00:59,136 [Worker-36: Updating Maven Project] INFO  o.e.m.j.i.AbstractJavaProjectConfigurator - Adding source folder /mongodb/src/main/java
2024-02-19 20:00:59,136 [Worker-36: Updating Maven Project] INFO  o.e.m.j.i.AbstractJavaProjectConfigurator - Adding resource folder /mongodb/src/main/resources
2024-02-19 20:00:59,136 [Worker-36: Updating Maven Project] INFO  o.e.m.j.i.AbstractJavaProjectConfigurator - Adding source folder /mongodb/src/test/java
2024-02-19 20:00:59,136 [Worker-36: Updating Maven Project] INFO  o.e.m.j.i.AbstractJavaProjectConfigurator - Adding resource folder /mongodb/src/test/resources
2024-02-19 20:00:59,211 [Worker-36: Updating Maven Project] INFO  o.e.m.c.i.p.ProjectConfigurationManager - Update completed for 1 poms: local refresh takes 0,00 sec, refresh facades takes 0,00 sec, update config takes 0,00 sec 
2024-02-19 20:00:59,378 [Worker-37: Building] INFO  o.a.m.s.f.DefaultMavenResourcesFiltering - skip non existing resourceDirectory C:\Users\DCP\Documents\GitHub\Eclipse_EE_MongoDB\mongodb\src\main\resources
2024-02-19 20:00:59,381 [Worker-37: Building] INFO  o.a.m.s.f.DefaultMavenResourcesFiltering - skip non existing resourceDirectory C:\Users\DCP\Documents\GitHub\Eclipse_EE_MongoDB\mongodb\src\test\resources
2024-02-19 20:02:17,422 [Worker-36: Building] INFO  o.e.m.c.i.l.LifecycleMappingFactory - Using org.eclipse.m2e.jdt.JarLifecycleMapping lifecycle mapping for MavenProject: mongodb:mongodb:0.0.1-SNAPSHOT @ C:\Users\DCP\Documents\GitHub\Eclipse_EE_MongoDB\mongodb\pom.xml.
2024-02-19 20:02:17,530 [Worker-36: Building] INFO  o.e.m.c.i.e.AbstractTransferListenerAdapter - Downloading https://repo.maven.apache.org/maven2/org/mongodb/mongodb-driver-sync/4.11.1/mongodb-driver-sync-4.11.1.pom
2024-02-19 20:02:17,547 [Worker-36: Building] INFO  o.e.m.c.i.e.AbstractTransferListenerAdapter - Downloaded https://repo.maven.apache.org/maven2/org/mongodb/mongodb-driver-sync/4.11.1/mongodb-driver-sync-4.11.1.pom
2024-02-19 20:02:17,571 [Worker-36: Building] INFO  o.e.m.c.i.e.AbstractTransferListenerAdapter - Downloading https://repo.maven.apache.org/maven2/org/mongodb/bson/4.11.1/bson-4.11.1.pom
2024-02-19 20:02:17,574 [Worker-36: Building] INFO  o.e.m.c.i.e.AbstractTransferListenerAdapter - Downloaded https://repo.maven.apache.org/maven2/org/mongodb/bson/4.11.1/bson-4.11.1.pom
2024-02-19 20:02:17,600 [Worker-36: Building] INFO  o.e.m.c.i.e.AbstractTransferListenerAdapter - Downloading https://repo.maven.apache.org/maven2/org/mongodb/mongodb-driver-core/4.11.1/mongodb-driver-core-4.11.1.pom
2024-02-19 20:02:17,605 [Worker-36: Building] INFO  o.e.m.c.i.e.AbstractTransferListenerAdapter - Downloaded https://repo.maven.apache.org/maven2/org/mongodb/mongodb-driver-core/4.11.1/mongodb-driver-core-4.11.1.pom
2024-02-19 20:02:17,627 [Worker-36: Building] INFO  o.e.m.c.i.e.AbstractTransferListenerAdapter - Downloading https://repo.maven.apache.org/maven2/io/netty/netty-bom/4.1.87.Final/netty-bom-4.1.87.Final.pom
2024-02-19 20:02:17,634 [Worker-36: Building] INFO  o.e.m.c.i.e.AbstractTransferListenerAdapter - Downloaded https://repo.maven.apache.org/maven2/io/netty/netty-bom/4.1.87.Final/netty-bom-4.1.87.Final.pom
2024-02-19 20:02:17,674 [Worker-36: Building] INFO  o.e.m.c.i.e.AbstractTransferListenerAdapter - Downloading https://repo.maven.apache.org/maven2/org/mongodb/bson-record-codec/4.11.1/bson-record-codec-4.11.1.pom
2024-02-19 20:02:17,677 [Worker-36: Building] INFO  o.e.m.c.i.e.AbstractTransferListenerAdapter - Downloaded https://repo.maven.apache.org/maven2/org/mongodb/bson-record-codec/4.11.1/bson-record-codec-4.11.1.pom
2024-02-19 20:02:17,702 [Worker-36: Building] INFO  o.e.m.c.i.e.AbstractTransferListenerAdapter - Downloading https://repo.maven.apache.org/maven2/org/mongodb/mongodb-driver-sync/4.11.1/mongodb-driver-sync-4.11.1.jar
2024-02-19 20:02:17,736 [Worker-36: Building] INFO  o.e.m.c.i.e.AbstractTransferListenerAdapter - Downloaded https://repo.maven.apache.org/maven2/org/mongodb/mongodb-driver-sync/4.11.1/mongodb-driver-sync-4.11.1.jar
2024-02-19 20:02:17,752 [BasicRepositoryConnector-repo.maven.apache.org-0-2] INFO  o.e.m.c.i.e.AbstractTransferListenerAdapter - Downloading https://repo.maven.apache.org/maven2/org/mongodb/bson-record-codec/4.11.1/bson-record-codec-4.11.1.jar
2024-02-19 20:02:17,754 [BasicRepositoryConnector-repo.maven.apache.org-0-2] INFO  o.e.m.c.i.e.AbstractTransferListenerAdapter - Downloaded https://repo.maven.apache.org/maven2/org/mongodb/bson-record-codec/4.11.1/bson-record-codec-4.11.1.jar
2024-02-19 20:02:17,784 [BasicRepositoryConnector-repo.maven.apache.org-0-0] INFO  o.e.m.c.i.e.AbstractTransferListenerAdapter - Downloading https://repo.maven.apache.org/maven2/org/mongodb/bson/4.11.1/bson-4.11.1.jar
2024-02-19 20:02:17,788 [BasicRepositoryConnector-repo.maven.apache.org-0-1] INFO  o.e.m.c.i.e.AbstractTransferListenerAdapter - Downloading https://repo.maven.apache.org/maven2/org/mongodb/mongodb-driver-core/4.11.1/mongodb-driver-core-4.11.1.jar
2024-02-19 20:02:17,941 [BasicRepositoryConnector-repo.maven.apache.org-0-0] INFO  o.e.m.c.i.e.AbstractTransferListenerAdapter - Downloaded https://repo.maven.apache.org/maven2/org/mongodb/bson/4.11.1/bson-4.11.1.jar
2024-02-19 20:02:18,095 [BasicRepositoryConnector-repo.maven.apache.org-0-1] INFO  o.e.m.c.i.e.AbstractTransferListenerAdapter - Downloaded https://repo.maven.apache.org/maven2/org/mongodb/mongodb-driver-core/4.11.1/mongodb-driver-core-4.11.1.jar
2024-02-19 20:02:18,228 [Worker-36: Building] INFO  o.a.m.s.f.DefaultMavenResourcesFiltering - skip non existing resourceDirectory C:\Users\DCP\Documents\GitHub\Eclipse_EE_MongoDB\mongodb\src\main\resources
2024-02-19 20:02:18,231 [Worker-36: Building] INFO  o.a.m.s.f.DefaultMavenResourcesFiltering - skip non existing resourceDirectory C:\Users\DCP\Documents\GitHub\Eclipse_EE_MongoDB\mongodb\src\test\resources
2024-02-19 20:02:19,241 [Worker-36: Download sources and javadoc] INFO  o.e.m.c.i.e.AbstractTransferListenerAdapter - Downloading https://repo.maven.apache.org/maven2/org/mongodb/mongodb-driver-sync/4.11.1/mongodb-driver-sync-4.11.1-sources.jar
2024-02-19 20:02:19,269 [Worker-36: Download sources and javadoc] INFO  o.e.m.c.i.e.AbstractTransferListenerAdapter - Downloaded https://repo.maven.apache.org/maven2/org/mongodb/mongodb-driver-sync/4.11.1/mongodb-driver-sync-4.11.1-sources.jar
2024-02-19 20:02:19,272 [Worker-36: Download sources and javadoc] INFO  o.e.m.j.internal.DownloadSourcesJob - Downloaded sources for org.mongodb:mongodb-driver-sync:4.11.1
2024-02-19 20:02:19,311 [Worker-36: Download sources and javadoc] INFO  o.e.m.c.i.e.AbstractTransferListenerAdapter - Downloading https://repo.maven.apache.org/maven2/org/mongodb/bson/4.11.1/bson-4.11.1-sources.jar
2024-02-19 20:02:19,376 [Worker-36: Download sources and javadoc] INFO  o.e.m.c.i.e.AbstractTransferListenerAdapter - Downloaded https://repo.maven.apache.org/maven2/org/mongodb/bson/4.11.1/bson-4.11.1-sources.jar
2024-02-19 20:02:19,379 [Worker-36: Download sources and javadoc] INFO  o.e.m.j.internal.DownloadSourcesJob - Downloaded sources for org.mongodb:bson:4.11.1
2024-02-19 20:02:19,426 [Worker-36: Download sources and javadoc] INFO  o.e.m.c.i.e.AbstractTransferListenerAdapter - Downloading https://repo.maven.apache.org/maven2/org/mongodb/mongodb-driver-core/4.11.1/mongodb-driver-core-4.11.1-sources.jar
2024-02-19 20:02:19,569 [Worker-36: Download sources and javadoc] INFO  o.e.m.c.i.e.AbstractTransferListenerAdapter - Downloaded https://repo.maven.apache.org/maven2/org/mongodb/mongodb-driver-core/4.11.1/mongodb-driver-core-4.11.1-sources.jar
2024-02-19 20:02:19,571 [Worker-36: Download sources and javadoc] INFO  o.e.m.j.internal.DownloadSourcesJob - Downloaded sources for org.mongodb:mongodb-driver-core:4.11.1
2024-02-19 20:02:19,609 [Worker-36: Download sources and javadoc] INFO  o.e.m.c.i.e.AbstractTransferListenerAdapter - Downloading https://repo.maven.apache.org/maven2/org/mongodb/bson-record-codec/4.11.1/bson-record-codec-4.11.1-sources.jar
2024-02-19 20:02:19,611 [Worker-36: Download sources and javadoc] INFO  o.e.m.c.i.e.AbstractTransferListenerAdapter - Downloaded https://repo.maven.apache.org/maven2/org/mongodb/bson-record-codec/4.11.1/bson-record-codec-4.11.1-sources.jar
2024-02-19 20:02:19,614 [Worker-36: Download sources and javadoc] INFO  o.e.m.j.internal.DownloadSourcesJob - Downloaded sources for org.mongodb:bson-record-codec:4.11.1
2024-02-19 20:02:26,084 [Worker-34: Download sources and javadoc] INFO  o.e.m.j.internal.DownloadSourcesJob - Downloaded sources for junit:junit:3.8.1
2024-02-19 20:02:26,086 [Worker-34: Download sources and javadoc] INFO  o.e.m.j.internal.DownloadSourcesJob - Downloaded sources for org.mongodb:mongodb-driver-sync:4.11.1
2024-02-19 20:02:26,088 [Worker-34: Download sources and javadoc] INFO  o.e.m.j.internal.DownloadSourcesJob - Downloaded sources for org.mongodb:bson:4.11.1
2024-02-19 20:02:26,090 [Worker-34: Download sources and javadoc] INFO  o.e.m.j.internal.DownloadSourcesJob - Downloaded sources for org.mongodb:mongodb-driver-core:4.11.1
2024-02-19 20:02:26,092 [Worker-34: Download sources and javadoc] INFO  o.e.m.j.internal.DownloadSourcesJob - Downloaded sources for org.mongodb:bson-record-codec:4.11.1
2024-02-19 20:02:32,693 [Worker-34: Updating Maven Project] INFO  o.e.m.c.i.p.ProjectConfigurationManager - Update started
2024-02-19 20:02:32,821 [Worker-34: Updating Maven Project] INFO  o.e.m.c.i.l.LifecycleMappingFactory - Using org.eclipse.m2e.jdt.JarLifecycleMapping lifecycle mapping for MavenProject: mongodb:mongodb:0.0.1-SNAPSHOT @ C:\Users\DCP\Documents\GitHub\Eclipse_EE_MongoDB\mongodb\pom.xml.
2024-02-19 20:02:33,081 [Worker-34: Updating Maven Project] INFO  o.e.m.j.i.AbstractJavaProjectConfigurator - Adding source folder /mongodb/src/main/java
2024-02-19 20:02:33,081 [Worker-34: Updating Maven Project] INFO  o.e.m.j.i.AbstractJavaProjectConfigurator - Adding resource folder /mongodb/src/main/resources
2024-02-19 20:02:33,081 [Worker-34: Updating Maven Project] INFO  o.e.m.j.i.AbstractJavaProjectConfigurator - Adding source folder /mongodb/src/test/java
2024-02-19 20:02:33,081 [Worker-34: Updating Maven Project] INFO  o.e.m.j.i.AbstractJavaProjectConfigurator - Adding resource folder /mongodb/src/test/resources
2024-02-19 20:02:33,167 [Worker-34: Updating Maven Project] INFO  o.e.m.c.i.p.ProjectConfigurationManager - Update completed for 1 poms: local refresh takes 0,00 sec, refresh facades takes 0,00 sec, update config takes 0,00 sec 
2024-02-19 20:02:33,336 [Worker-35: Building] INFO  o.a.m.s.f.DefaultMavenResourcesFiltering - skip non existing resourceDirectory C:\Users\DCP\Documents\GitHub\Eclipse_EE_MongoDB\mongodb\src\main\resources
2024-02-19 20:02:33,339 [Worker-35: Building] INFO  o.a.m.s.f.DefaultMavenResourcesFiltering - skip non existing resourceDirectory C:\Users\DCP\Documents\GitHub\Eclipse_EE_MongoDB\mongodb\src\test\resources
2024-02-19 20:04:57,575 [Worker-35: Launching App] INFO  o.a.m.s.f.DefaultMavenResourcesFiltering - skip non existing resourceDirectory C:\Users\DCP\Documents\GitHub\Eclipse_EE_MongoDB\mongodb\src\main\resources
2024-02-19 20:04:57,576 [Worker-35: Launching App] INFO  o.a.m.s.f.DefaultMavenResourcesFiltering - skip non existing resourceDirectory C:\Users\DCP\Documents\GitHub\Eclipse_EE_MongoDB\mongodb\src\test\resources
2024-02-20 20:06:31,409 [Worker-5: Loading available Gradle versions] INFO  o.e.b.c.i.u.g.PublishedGradleVersions - Gradle version information cache is out-of-date. Trying to update.
2024-02-20 20:35:46,122 [Worker-42: Launching App] INFO  o.a.m.s.f.DefaultMavenResourcesFiltering - skip non existing resourceDirectory C:\Users\DCP\Documents\GitHub\Eclipse_EE_MongoDB\mongodb\src\main\resources
2024-02-20 20:35:46,128 [Worker-42: Launching App] INFO  o.a.m.s.f.DefaultMavenResourcesFiltering - skip non existing resourceDirectory C:\Users\DCP\Documents\GitHub\Eclipse_EE_MongoDB\mongodb\src\test\resources
2024-02-20 20:36:58,187 [Worker-42: Launching App] INFO  o.a.m.s.f.DefaultMavenResourcesFiltering - skip non existing resourceDirectory C:\Users\DCP\Documents\GitHub\Eclipse_EE_MongoDB\mongodb\src\main\resources
2024-02-20 20:36:58,190 [Worker-42: Launching App] INFO  o.a.m.s.f.DefaultMavenResourcesFiltering - skip non existing resourceDirectory C:\Users\DCP\Documents\GitHub\Eclipse_EE_MongoDB\mongodb\src\test\resources
2024-02-20 20:40:08,212 [Worker-45: Launching App] INFO  o.a.m.s.f.DefaultMavenResourcesFiltering - skip non existing resourceDirectory C:\Users\DCP\Documents\GitHub\Eclipse_EE_MongoDB\mongodb\src\main\resources
2024-02-20 20:40:08,216 [Worker-45: Launching App] INFO  o.a.m.s.f.DefaultMavenResourcesFiltering - skip non existing resourceDirectory C:\Users\DCP\Documents\GitHub\Eclipse_EE_MongoDB\mongodb\src\test\resources
2024-02-20 20:41:29,869 [Worker-46: Launching App] INFO  o.a.m.s.f.DefaultMavenResourcesFiltering - skip non existing resourceDirectory C:\Users\DCP\Documents\GitHub\Eclipse_EE_MongoDB\mongodb\src\main\resources
2024-02-20 20:41:29,871 [Worker-46: Launching App] INFO  o.a.m.s.f.DefaultMavenResourcesFiltering - skip non existing resourceDirectory C:\Users\DCP\Documents\GitHub\Eclipse_EE_MongoDB\mongodb\src\test\resources
2024-02-20 21:16:19,466 [Worker-7: Loading available Gradle versions] INFO  o.e.b.c.i.u.g.PublishedGradleVersions - Gradle version information cache is up-to-date. Trying to read.
2024-02-20 21:20:01,046 [Worker-7: Building] INFO  o.a.m.s.f.DefaultMavenResourcesFiltering - skip non existing resourceDirectory C:\Users\DCP\Documents\GitHub\Eclipse_EE_MongoDB\mongodb\src\main\resources
2024-02-20 21:20:01,050 [Worker-7: Building] INFO  o.a.m.s.f.DefaultMavenResourcesFiltering - skip non existing resourceDirectory C:\Users\DCP\Documents\GitHub\Eclipse_EE_MongoDB\mongodb\src\test\resources
2024-02-21 14:46:22,697 [Worker-8: Loading available Gradle versions] INFO  o.e.b.c.i.u.g.PublishedGradleVersions - Gradle version information cache is up-to-date. Trying to read.
